

Started GET "/snaps" for 127.0.0.1 at Mon Aug 30 21:43:02 +0600 2010

ActionController::RoutingError (No route matches "/snaps"):
  

Rendered C:/ruby/lib/ruby/gems/1.8/gems/actionpack-3.0.0/lib/action_dispatch/middleware/templates/rescues/routing_error.erb within rescues/layout (1.0ms)


Started GET "/rails/info/properties" for 127.0.0.1 at Mon Aug 30 21:43:09 +0600 2010
  Processing by Rails::InfoController#properties as */*
  [1m[36mSQL (1.0ms)[0m  [1m SELECT name
 FROM sqlite_master
 WHERE type = 'table' AND NOT name = 'sqlite_sequence'
[0m
Rendered inline template (1.0ms)
Completed 200 OK in 124ms (Views: 4.0ms | ActiveRecord: 1.0ms)
  [1m[36mSQL (2.0ms)[0m  [1m SELECT name
 FROM sqlite_master
 WHERE type = 'table' AND NOT name = 'sqlite_sequence'
[0m
  [1m[35mSQL (1.0ms)[0m  select sqlite_version(*)
  [1m[36mSQL (11.0ms)[0m  [1mCREATE TABLE "schema_migrations" ("version" varchar(255) NOT NULL) [0m
  [1m[35mSQL (0.0ms)[0m  PRAGMA index_list("schema_migrations")
  [1m[36mSQL (23.0ms)[0m  [1mCREATE UNIQUE INDEX "unique_schema_migrations" ON "schema_migrations" ("version")[0m
  [1m[35mSQL (0.0ms)[0m   SELECT name
 FROM sqlite_master
 WHERE type = 'table' AND NOT name = 'sqlite_sequence'
  [1m[36mSQL (0.0ms)[0m  [1m SELECT name
 FROM sqlite_master
 WHERE type = 'table' AND NOT name = 'sqlite_sequence'
[0m
  [1m[35mSQL (0.0ms)[0m  SELECT "schema_migrations"."version" FROM "schema_migrations"
Migrating to CreateNotes (20101127191343)
  [1m[36mSQL (1.0ms)[0m  [1mCREATE TABLE "notes" ("id" INTEGER PRIMARY KEY AUTOINCREMENT NOT NULL, "title" varchar(255), "URL" varchar(255), "content" text, "sharable" boolean, "notescategory_id" integer, "created_at" datetime, "updated_at" datetime) [0m
  [1m[35mSQL (0.0ms)[0m  INSERT INTO "schema_migrations" ("version") VALUES ('20101127191343')
Migrating to CreateNotesCategories (20101127191537)
  [1m[36mSQL (2.0ms)[0m  [1mCREATE TABLE "notes_categories" ("id" INTEGER PRIMARY KEY AUTOINCREMENT NOT NULL, "title" varchar(255), "created_at" datetime, "updated_at" datetime) [0m
  [1m[35mSQL (1.0ms)[0m  INSERT INTO "schema_migrations" ("version") VALUES ('20101127191537')
Migrating to CreateNoteTasks (20101127191621)
  [1m[36mSQL (2.0ms)[0m  [1mCREATE TABLE "note_tasks" ("id" INTEGER PRIMARY KEY AUTOINCREMENT NOT NULL, "task_id" integer, "note_id" integer, "created_at" datetime, "updated_at" datetime) [0m
  [1m[35mSQL (0.0ms)[0m  INSERT INTO "schema_migrations" ("version") VALUES ('20101127191621')
Migrating to CreateTasks (20101127191916)
  [1m[36mSQL (1.0ms)[0m  [1mCREATE TABLE "tasks" ("id" INTEGER PRIMARY KEY AUTOINCREMENT NOT NULL, "title" varchar(255), "time_limit" date, "description" text, "active" boolean, "taskscategory_id" integer, "created_at" datetime, "updated_at" datetime) [0m
  [1m[35mSQL (0.0ms)[0m  INSERT INTO "schema_migrations" ("version") VALUES ('20101127191916')
Migrating to CreateTasksCategories (20101127191954)
  [1m[36mSQL (2.0ms)[0m  [1mCREATE TABLE "tasks_categories" ("id" INTEGER PRIMARY KEY AUTOINCREMENT NOT NULL, "title" varchar(255), "created_at" datetime, "updated_at" datetime) [0m
  [1m[35mSQL (0.0ms)[0m  INSERT INTO "schema_migrations" ("version") VALUES ('20101127191954')
Migrating to CreateContacts (20101127192425)
  [1m[36mSQL (2.0ms)[0m  [1mCREATE TABLE "contacts" ("id" INTEGER PRIMARY KEY AUTOINCREMENT NOT NULL, "FIO" varchar(255), "adress" varchar(255), "phone" varchar(255), "e_mail" varchar(255), "web_page" varchar(255), "contactscategory_id" integer, "created_at" datetime, "updated_at" datetime) [0m
  [1m[35mSQL (0.0ms)[0m  INSERT INTO "schema_migrations" ("version") VALUES ('20101127192425')
Migrating to CreateContactsCategories (20101127192533)
  [1m[36mSQL (2.0ms)[0m  [1mCREATE TABLE "contacts_categories" ("id" INTEGER PRIMARY KEY AUTOINCREMENT NOT NULL, "title" varchar(255), "created_at" datetime, "updated_at" datetime) [0m
  [1m[35mSQL (1.0ms)[0m  INSERT INTO "schema_migrations" ("version") VALUES ('20101127192533')
Migrating to CreateTaskContacts (20101127192607)
  [1m[36mSQL (1.0ms)[0m  [1mCREATE TABLE "task_contacts" ("id" INTEGER PRIMARY KEY AUTOINCREMENT NOT NULL, "task_id" integer, "contact_id" integer, "created_at" datetime, "updated_at" datetime) [0m
  [1m[35mSQL (0.0ms)[0m  INSERT INTO "schema_migrations" ("version") VALUES ('20101127192607')
  [1m[36mSQL (0.0ms)[0m  [1m SELECT name
 FROM sqlite_master
 WHERE type = 'table' AND NOT name = 'sqlite_sequence'
[0m
  [1m[35mSQL (0.0ms)[0m  SELECT "schema_migrations"."version" FROM "schema_migrations"
  [1m[36mSQL (0.0ms)[0m  [1m SELECT name
 FROM sqlite_master
 WHERE type = 'table' AND NOT name = 'sqlite_sequence'
[0m
  [1m[35mSQL (0.0ms)[0m  PRAGMA index_list("contacts")
  [1m[36mSQL (0.0ms)[0m  [1mPRAGMA index_list("contacts_categories")[0m
  [1m[35mSQL (0.0ms)[0m  PRAGMA index_list("note_tasks")
  [1m[36mSQL (0.0ms)[0m  [1mPRAGMA index_list("notes")[0m
  [1m[35mSQL (0.0ms)[0m  PRAGMA index_list("notes_categories")
  [1m[36mSQL (0.0ms)[0m  [1mPRAGMA index_list("task_contacts")[0m
  [1m[35mSQL (0.0ms)[0m  PRAGMA index_list("tasks")
  [1m[36mSQL (0.0ms)[0m  [1mPRAGMA index_list("tasks_categories")[0m
